<?xml version="1.0" encoding="UTF-8"?>
<!-- Generated by org.testng.reporters.JUnitReportReporter -->
<testsuite hostname="DESKTOP-D54JPUJ" failures="0" tests="6" name="test.TestNg1" time="127.354" errors="0" timestamp="2022-09-26T23:05:40 IST" skipped="0">
  <testcase classname="test.TestNg1" name="verifyMessenger" time="14.316"/>
  <system-out/>
  <testcase classname="test.TestNg1" name="verifyMessenger" time="34.167"/>
  <system-out/>
  <testcase classname="test.TestNg1" name="verifyHelpCenter" time="26.003"/>
  <system-out/>
  <testcase classname="test.TestNg1" name="verifyHelpCenter" time="25.658"/>
  <system-out/>
  <testcase classname="test.TestNg1" name="verifyHelpCenter1" time="13.986"/>
  <system-out/>
  <testcase classname="test.TestNg1" name="verifyHelpCenter1" time="13.224"/>
  <system-out/>
</testsuite> <!-- test.TestNg1 -->
