<?xml version="1.0" encoding="UTF-8"?>
<!-- Generated by org.testng.reporters.JUnitReportReporter -->
<testsuite hostname="DESKTOP-D54JPUJ" failures="0" tests="6" name="test.TestNg1" time="150.430" errors="0" timestamp="2022-10-03T22:14:36 IST" skipped="0">
  <testcase classname="test.TestNg1" name="verifyMessenger" time="30.824"/>
  <system-out/>
  <testcase classname="test.TestNg1" name="verifyMessenger" time="33.765"/>
  <system-out/>
  <testcase classname="test.TestNg1" name="verifyHelpCenter" time="11.754"/>
  <system-out/>
  <testcase classname="test.TestNg1" name="verifyHelpCenter" time="26.941"/>
  <system-out/>
  <testcase classname="test.TestNg1" name="verifyHelpCenter1" time="12.090"/>
  <system-out/>
  <testcase classname="test.TestNg1" name="verifyHelpCenter1" time="35.056"/>
  <system-out/>
</testsuite> <!-- test.TestNg1 -->
