<?xml version="1.0" encoding="UTF-8"?>
<!-- Generated by org.testng.reporters.JUnitReportReporter -->
<testsuite hostname="DESKTOP-D54JPUJ" failures="0" tests="2" name="TestNg1" time="43.848" errors="0" timestamp="2022-09-21T21:27:49 IST" skipped="0">
  <testcase classname="TestNg1" name="verifyMessenger" time="14.591"/>
  <system-out/>
  <testcase classname="TestNg1" name="verifyHelpCenter" time="29.257"/>
  <system-out/>
</testsuite> <!-- TestNg1 -->
