<?xml version="1.0" encoding="UTF-8"?>
<!-- Generated by org.testng.reporters.JUnitReportReporter -->
<testsuite hostname="DESKTOP-D54JPUJ" failures="0" tests="6" name="test.TestNg2" time="130.523" errors="0" timestamp="2022-09-26T23:05:40 IST" skipped="0">
  <testcase classname="test.TestNg2" name="verifyMessenger" time="15.013"/>
  <system-out/>
  <testcase classname="test.TestNg2" name="verifyMessenger" time="20.849"/>
  <system-out/>
  <testcase classname="test.TestNg2" name="verifyHelpCenter" time="14.892"/>
  <system-out/>
  <testcase classname="test.TestNg2" name="verifyHelpCenter" time="27.643"/>
  <system-out/>
  <testcase classname="test.TestNg2" name="verifyHelpCenter1" time="28.678"/>
  <system-out/>
  <testcase classname="test.TestNg2" name="verifyHelpCenter1" time="23.448"/>
  <system-out/>
</testsuite> <!-- test.TestNg2 -->
