<?xml version="1.0" encoding="UTF-8"?>
<!-- Generated by org.testng.reporters.JUnitReportReporter -->
<testsuite hostname="DESKTOP-D54JPUJ" failures="0" tests="6" name="test.TestNg2" time="148.993" errors="0" timestamp="2022-10-03T22:14:36 IST" skipped="0">
  <testcase classname="test.TestNg2" name="verifyMessenger" time="37.426"/>
  <system-out/>
  <testcase classname="test.TestNg2" name="verifyMessenger" time="11.759"/>
  <system-out/>
  <testcase classname="test.TestNg2" name="verifyHelpCenter" time="41.560"/>
  <system-out/>
  <testcase classname="test.TestNg2" name="verifyHelpCenter" time="13.352"/>
  <system-out/>
  <testcase classname="test.TestNg2" name="verifyHelpCenter1" time="15.694"/>
  <system-out/>
  <testcase classname="test.TestNg2" name="verifyHelpCenter1" time="29.202"/>
  <system-out/>
</testsuite> <!-- test.TestNg2 -->
