<?xml version="1.0" encoding="UTF-8"?>
<!-- Generated by org.testng.reporters.JUnitReportReporter -->
<testsuite hostname="DESKTOP-D54JPUJ" failures="0" tests="6" name="test.TestNg2" time="115.418" errors="0" timestamp="2022-10-05T13:54:13 IST" skipped="0">
  <testcase classname="test.TestNg2" name="verifyMessenger" time="22.232"/>
  <system-out/>
  <testcase classname="test.TestNg2" name="verifyMessenger" time="31.684"/>
  <system-out/>
  <testcase classname="test.TestNg2" name="verifyHelpCenter" time="21.609"/>
  <system-out/>
  <testcase classname="test.TestNg2" name="verifyHelpCenter" time="11.966"/>
  <system-out/>
  <testcase classname="test.TestNg2" name="verifyHelpCenter1" time="18.694"/>
  <system-out/>
  <testcase classname="test.TestNg2" name="verifyHelpCenter1" time="9.233"/>
  <system-out/>
</testsuite> <!-- test.TestNg2 -->
