<?xml version="1.0" encoding="UTF-8"?>
<!-- Generated by org.testng.reporters.JUnitReportReporter -->
<testsuite hostname="DESKTOP-D54JPUJ" failures="0" tests="3" name="TestNg2" time="61.558" errors="0" timestamp="2022-09-21T21:59:09 IST" skipped="0">
  <testcase classname="TestNg2" name="verifyMessenger" time="18.268"/>
  <system-out/>
  <testcase classname="TestNg2" name="verifyHelpCenter" time="23.815"/>
  <system-out/>
  <testcase classname="TestNg2" name="verifyHelpCenter1" time="19.475"/>
  <system-out/>
</testsuite> <!-- TestNg2 -->
